c:\users\dell\desktop\viresion 1.1.5\first\first\debug\vc140.pdb
c:\users\dell\desktop\viresion 1.1.5\first\first\debug\vc140.idb
c:\users\dell\desktop\viresion 1.1.5\first\first\debug\bestnode.obj
c:\users\dell\desktop\viresion 1.1.5\first\first\debug\comparebestnodes.obj
c:\users\dell\desktop\viresion 1.1.5\first\first\debug\comparenodes.obj
c:\users\dell\desktop\viresion 1.1.5\first\first\debug\main.obj
c:\users\dell\desktop\viresion 1.1.5\first\first\debug\node.obj
c:\users\dell\desktop\viresion 1.1.5\first\first\debug\parent.obj
c:\users\dell\desktop\viresion 1.1.5\first\first\debug\player.obj
c:\users\dell\desktop\viresion 1.1.5\first\first\debug\point2d.obj
c:\users\dell\desktop\viresion 1.1.5\first\first\debug\room.obj
c:\users\dell\desktop\viresion 1.1.5\first\debug\first.ilk
c:\users\dell\desktop\viresion 1.1.5\first\debug\first.exe
c:\users\dell\desktop\viresion 1.1.5\first\debug\first.pdb
c:\users\dell\desktop\viresion 1.1.5\first\first\debug\first.tlog\cl.command.1.tlog
c:\users\dell\desktop\viresion 1.1.5\first\first\debug\first.tlog\cl.read.1.tlog
c:\users\dell\desktop\viresion 1.1.5\first\first\debug\first.tlog\cl.write.1.tlog
c:\users\dell\desktop\viresion 1.1.5\first\first\debug\first.tlog\link.command.1.tlog
c:\users\dell\desktop\viresion 1.1.5\first\first\debug\first.tlog\link.read.1.tlog
c:\users\dell\desktop\viresion 1.1.5\first\first\debug\first.tlog\link.write.1.tlog
